<?xml version="1.0" encoding="UTF-8"?>
<!-- Generated by org.testng.reporters.JUnitReportReporter -->
<testsuite hostname="IBM-PF3TP8NY" failures="0" tests="1" name="cucumber.testNGTestRunner" time="18.038" errors="0" timestamp="2024-03-22T20:08:02 IST" skipped="0">
  <testcase classname="cucumber.testNGTestRunner" name="runScenario" time="18.038"/>
</testsuite> <!-- cucumber.testNGTestRunner -->
