<?xml version="1.0" encoding="UTF-8"?>
<!-- Generated by org.testng.reporters.JUnitReportReporter -->
<testsuite hostname="IBM-PF3TP8NY" failures="0" tests="1" name="rahulShettyAcadamy.tests.test" time="12.942" errors="0" timestamp="2024-03-04T19:43:40 IST" skipped="0">
  <testcase classname="rahulShettyAcadamy.tests.test" name="SubmitOrder" time="12.942"/>
</testsuite> <!-- rahulShettyAcadamy.tests.test -->
