<?xml version="1.0" encoding="UTF-8"?>
<!-- Generated by org.testng.reporters.JUnitReportReporter -->
<testsuite hostname="IBM-PF3TP8NY" failures="0" tests="1" name="rahulShettyAcadamy.tests.submitOrder" time="23.357" errors="0" timestamp="2024-03-05T19:02:32 IST" skipped="0">
  <testcase classname="rahulShettyAcadamy.tests.submitOrder" name="SubmitOrder" time="23.357"/>
</testsuite> <!-- rahulShettyAcadamy.tests.submitOrder -->
