<?xml version="1.0" encoding="UTF-8"?>
<!-- Generated by org.testng.reporters.JUnitReportReporter -->
<testsuite hostname="IBM-PF3TP8NY" failures="0" tests="2" name="rahulShettyAcadamy.tests.errorValidation" time="25.447" errors="0" timestamp="2024-03-05T19:17:59 IST" skipped="0">
  <testcase classname="rahulShettyAcadamy.tests.errorValidation" name="productCatelogErrorValidation" time="13.736"/>
  <testcase classname="rahulShettyAcadamy.tests.errorValidation" name="loginErrorValidation" time="11.711"/>
</testsuite> <!-- rahulShettyAcadamy.tests.errorValidation -->
