<?xml version="1.0" encoding="UTF-8"?>
<!-- Generated by org.testng.reporters.JUnitReportReporter -->
<testsuite hostname="IBM-PF3TP8NY" failures="0" tests="3" name="rahulShettyAcadamy.tests.submitOrderTest" time="41.026" errors="0" timestamp="2024-03-22T19:37:46 IST" skipped="0">
  <testcase classname="rahulShettyAcadamy.tests.submitOrderTest" name="SubmitOrder" time="16.617"/>
  <testcase classname="rahulShettyAcadamy.tests.submitOrderTest" name="SubmitOrder" time="16.657"/>
  <testcase classname="rahulShettyAcadamy.tests.submitOrderTest" name="checkOrderIsPlaced" time="7.752"/>
</testsuite> <!-- rahulShettyAcadamy.tests.submitOrderTest -->
