<?xml version="1.0" encoding="UTF-8"?>
<!-- Generated by org.testng.reporters.JUnitReportReporter -->
<testsuite hostname="IBM-PF3TP8NY" failures="0" tests="2" name="rahulShettyAcadamy.tests.submitOrderTest" time="34.902" errors="0" timestamp="2024-03-21T18:59:58 IST" skipped="0">
  <testcase classname="rahulShettyAcadamy.tests.submitOrderTest" name="SubmitOrder" time="17.699"/>
  <testcase classname="rahulShettyAcadamy.tests.submitOrderTest" name="SubmitOrder" time="17.203"/>
</testsuite> <!-- rahulShettyAcadamy.tests.submitOrderTest -->
